
Gurobi 10.0.3 (win64) logging started Sat Nov  9 16:29:17 2024

Set parameter LogFile to value "r7.probability.lp.log"
Gurobi Optimizer version 10.0.3 build v10.0.3rc0 (win64)

CPU model: 12th Gen Intel(R) Core(TM) i5-1240P, instruction set [SSE2|AVX|AVX2]
Thread count: 12 physical cores, 16 logical processors, using up to 2 threads

Optimize a model with 2297 rows, 1352 columns and 15520 nonzeros
Model fingerprint: 0xe1774678
Variable types: 0 continuous, 1352 integer (1352 binary)
Coefficient statistics:
  Matrix range     [1e+00, 1e+01]
  Objective range  [1e+00, 2e+00]
  Bounds range     [1e+00, 1e+00]
  RHS range        [1e+00, 1e+00]
Presolve removed 480 rows and 512 columns
Presolve time: 0.03s
Presolved: 1817 rows, 840 columns, 14496 nonzeros
Variable types: 0 continuous, 840 integer (840 binary)
Found heuristic solution: objective 163.0000000

Root relaxation: objective 0.000000e+00, 2 iterations, 0.00 seconds (0.00 work units)

    Nodes    |    Current Node    |     Objective Bounds      |     Work
 Expl Unexpl |  Obj  Depth IntInf | Incumbent    BestBd   Gap | It/Node Time

     0     0    0.00000    0    1  163.00000    0.00000   100%     -    0s
H    0     0                      35.0000000    0.00000   100%     -    0s
     0     0    0.00000    0    1   35.00000    0.00000   100%     -    0s
     0     0    0.00000    0    1   35.00000    0.00000   100%     -    0s
     0     0    0.00000    0    1   35.00000    0.00000   100%     -    0s
     0     0    0.00000    0    1   35.00000    0.00000   100%     -    0s
     0     0    0.00000    0    1   35.00000    0.00000   100%     -    0s
     0     0    0.00000    0    1   35.00000    0.00000   100%     -    0s
     0     0    0.00000    0    1   35.00000    0.00000   100%     -    0s
     0     2    1.00000    0    1   35.00000    1.00000  97.1%     -    0s
H  425   255                      25.0000000    2.00000  92.0%  17.6    0s
H  752   453                      24.0000000    2.00000  91.7%  18.2    0s
H  754   431                      22.0000000    2.00000  90.9%  18.2    0s
H 6077  2775                      18.0000000    4.90866  72.7%  18.9    2s
 13002  5968   13.16873   28   39   18.00000    6.00000  66.7%  19.5    5s
H13540  5884                      17.0000000    6.00000  64.7%  19.6    5s
H26290  9698                      16.0000000    7.31252  54.3%  19.9    9s
 26658  9814 infeasible   34        16.00000    7.47596  53.3%  20.0   10s
 40939 12954    8.00000   23   14   16.00000    8.00000  50.0%  20.3   15s
 56549 15729     cutoff   28        16.00000    8.85699  44.6%  20.5   20s
 63937 16834   12.74800   30   52   16.00000    8.91692  44.3%  20.4   25s
 73512 18088 infeasible   29        16.00000    9.00000  43.8%  20.5   30s
 88124 19907   10.00000   31   12   16.00000    9.10881  43.1%  20.6   35s
 102182 20729 infeasible   36        16.00000    9.97793  37.6%  20.6   40s
 116523 21647   10.91692   26   24   16.00000   10.00000  37.5%  20.7   45s
 130926 22488 infeasible   27        16.00000   10.00000  37.5%  20.8   50s
 145015 23237   12.00000   32   22   16.00000   10.00000  37.5%  20.8   55s
 158239 23520   12.46835   37   23   16.00000   10.46835  34.6%  20.9   60s
 171607 22945   12.00000   25   26   16.00000   10.90866  31.8%  20.8   65s
 185159 22182   13.00000   30   31   16.00000   11.00000  31.3%  20.8   70s
 199390 21516   11.98776   32   41   16.00000   11.00000  31.3%  21.0   75s
 213029 20656 infeasible   34        16.00000   11.14286  30.4%  21.0   80s
 225756 18248 infeasible   27        16.00000   11.98776  25.1%  21.0   85s
 237717 15847 infeasible   31        16.00000   12.00000  25.0%  21.0   90s
 248156 13690 infeasible   35        16.00000   12.00000  25.0%  21.0   95s
 259948 11111   13.00000   29   23   16.00000   12.02099  24.9%  21.1  100s
 272302  4757 infeasible   28        16.00000   13.00000  18.8%  21.1  105s

Cutting planes:
  Gomory: 1
  Cover: 5

Explored 280360 nodes (5905279 simplex iterations) in 107.65 seconds (189.66 work units)
Thread count was 2 (of 16 available processors)

Solution count 8: 16 17 18 ... 163

Optimal solution found (tolerance 1.00e-04)
Best objective 1.600000000000e+01, best bound 1.600000000000e+01, gap 0.0000%
